version https://git-lfs.github.com/spec/v1
oid sha256:001988369b35959b8bb18ac07f8b088a4c3ccbb7c3f81514eaa13033b3aaf490
size 108527616
